<?xml version="1.0" encoding="UTF-8"?>
<!-- Generated by org.testng.reporters.JUnitReportReporter -->
<testsuite hostname="DEV-HS-1467-LAP" failures="0" tests="1" name="org.testcases.TestCase_HeaderMenu" time="41.234" errors="0" timestamp="2024-03-18T09:43:47 IST" skipped="0">
  <testcase classname="org.testcases.TestCase_HeaderMenu" name="header" time="41.234"/>
</testsuite> <!-- org.testcases.TestCase_HeaderMenu -->
